[debug] [2021-09-02T13:49:35.818Z] ----------------------------------------------------------------------
[debug] [2021-09-02T13:49:35.820Z] Command:       C:\Program Files\nodejs\node.exe C:\Users\tamara.peker\AppData\Roaming\npm\node_modules\firebase-tools\lib\bin\firebase.js init
[debug] [2021-09-02T13:49:35.820Z] CLI Version:   9.17.0
[debug] [2021-09-02T13:49:35.820Z] Platform:      win32
[debug] [2021-09-02T13:49:35.820Z] Node Version:  v14.15.4
[debug] [2021-09-02T13:49:35.822Z] Time:          Thu Sep 02 2021 10:49:35 GMT-0300 (hora estándar de Argentina)
[debug] [2021-09-02T13:49:35.822Z] ----------------------------------------------------------------------
[debug] 
[debug] [2021-09-02T13:49:35.877Z] > command requires scopes: ["email","openid","https://www.googleapis.com/auth/cloudplatformprojects.readonly","https://www.googleapis.com/auth/firebase","https://www.googleapis.com/auth/cloud-platform"]
[debug] [2021-09-02T13:49:35.878Z] > authorizing via signed-in user (tamipeker@gmail.com)
[info] 
     ######## #### ########  ######## ########     ###     ######  ########
     ##        ##  ##     ## ##       ##     ##  ##   ##  ##       ##
     ######    ##  ########  ######   ########  #########  ######  ######
     ##        ##  ##    ##  ##       ##     ## ##     ##       ## ##
     ##       #### ##     ## ######## ########  ##     ##  ######  ########

You're about to initialize a Firebase project in this directory:

  C:\Users\tamara.peker\Documents\mazal\mazal-importaciones-frontend

Before we get started, keep in mind:

  * You are initializing within an existing Firebase project directory

[info] 
=== Project Setup
[info] 
[info] First, let's associate this project directory with a Firebase project.
[info] You can create multiple project aliases by running firebase use --add, 
[info] but for now we'll just set up a default project.
[info] 
[info] i  .firebaserc already has a default project, using mazal-react. 
[debug] [2021-09-02T13:50:07.360Z] >>> [apiv2][query] GET https://firebase.googleapis.com/v1beta1/projects/mazal-react [none]
[debug] [2021-09-02T13:50:08.356Z] <<< [apiv2][status] GET https://firebase.googleapis.com/v1beta1/projects/mazal-react 200
[debug] [2021-09-02T13:50:08.356Z] <<< [apiv2][body] GET https://firebase.googleapis.com/v1beta1/projects/mazal-react {"projectId":"mazal-react","projectNumber":"109873607733","displayName":"mazal-react","name":"projects/mazal-react","resources":{"hostingSite":"mazal-react"},"state":"ACTIVE"}
[info] 
=== Hosting Setup
[info] 
[info] Your public directory is the folder (relative to your project directory) that
[info] will contain Hosting assets to be uploaded with firebase deploy. If you
[info] have a build process for your assets, use your build's output directory.
[info] 
